<?xml version="1.0" encoding="UTF-8"?>
<!-- Generated by org.testng.reporters.JUnitReportReporter -->
<testsuite skipped="0" hostname="LAPTOP-9CM2R7EG" name="Orangehrm_Frame.testcases.AdminLoginTestwithinValidinputs" tests="2" failures="0" timestamp="2022-11-24T08:23:07 IST" time="2.529" errors="2">
  <testcase name="lanchApp" time="2.529" classname="Orangehrm_Frame.testcases.AdminLoginTestwithinValidinputs">
    <error type="org.openqa.selenium.SessionNotCreatedException" message="session not created: This version of ChromeDriver only supports Chrome version 104
Current browser version is 107.0.5304.107 with binary path C:\Users\Vkris\AppData\Local\Google\Chrome\Application\chrome.exe
Build info: version: &#039;3.14.0&#039;, revision: &#039;aacccce0&#039;, time: &#039;2018-08-02T20:13:22.693Z&#039;
System info: host: &#039;LAPTOP-9CM2R7EG&#039;, ip: &#039;192.168.0.103&#039;, os.name: &#039;Windows 10&#039;, os.arch: &#039;amd64&#039;, os.version: &#039;10.0&#039;, java.version: &#039;1.8.0_121&#039;
Driver info: driver.version: ChromeDriver
remote stacktrace: Backtrace:
	Ordinal0 [0x002378B3+2193587]
	Ordinal0 [0x001D0681+1771137]
	Ordinal0 [0x000E41A8+803240]
	Ordinal0 [0x00105CC3+941251]
	Ordinal0 [0x001013EF+922607]
	Ordinal0 [0x000FEBC1+912321]
	Ordinal0 [0x001323B0+1123248]
	Ordinal0 [0x0013200A+1122314]
	Ordinal0 [0x0012D5C6+1103302]
	Ordinal0 [0x001077E0+948192]
	Ordinal0 [0x001086E6+952038]
	GetHandleVerifier [0x004E0CB2+2738370]
	GetHandleVerifier [0x004D21B8+2678216]
	GetHandleVerifier [0x002C17AA+512954]
	GetHandleVerifier [0x002C0856+509030]
	Ordinal0 [0x001D743B+1799227]
	Ordinal0 [0x001DBB68+1817448]
	Ordinal0 [0x001DBC55+1817685]
	Ordinal0 [0x001E5230+1856048]
	BaseThreadInitThunk [0x765B7BA9+25]
	RtlInitializeExceptionChain [0x779DBB9B+107]
	RtlClearBits [0x779DBB1F+191]
	(No symbol) [0x00000000]
">
      <![CDATA[org.openqa.selenium.SessionNotCreatedException: session not created: This version of ChromeDriver only supports Chrome version 104
Current browser version is 107.0.5304.107 with binary path C:\Users\Vkris\AppData\Local\Google\Chrome\Application\chrome.exe
Build info: version: '3.14.0', revision: 'aacccce0', time: '2018-08-02T20:13:22.693Z'
System info: host: 'LAPTOP-9CM2R7EG', ip: '192.168.0.103', os.name: 'Windows 10', os.arch: 'amd64', os.version: '10.0', java.version: '1.8.0_121'
Driver info: driver.version: ChromeDriver
remote stacktrace: Backtrace:
Ordinal0 [0x002378B3+2193587]
Ordinal0 [0x001D0681+1771137]
Ordinal0 [0x000E41A8+803240]
Ordinal0 [0x00105CC3+941251]
Ordinal0 [0x001013EF+922607]
Ordinal0 [0x000FEBC1+912321]
Ordinal0 [0x001323B0+1123248]
Ordinal0 [0x0013200A+1122314]
Ordinal0 [0x0012D5C6+1103302]
Ordinal0 [0x001077E0+948192]
Ordinal0 [0x001086E6+952038]
GetHandleVerifier [0x004E0CB2+2738370]
GetHandleVerifier [0x004D21B8+2678216]
GetHandleVerifier [0x002C17AA+512954]
GetHandleVerifier [0x002C0856+509030]
Ordinal0 [0x001D743B+1799227]
Ordinal0 [0x001DBB68+1817448]
Ordinal0 [0x001DBC55+1817685]
Ordinal0 [0x001E5230+1856048]
BaseThreadInitThunk [0x765B7BA9+25]
RtlInitializeExceptionChain [0x779DBB9B+107]
RtlClearBits [0x779DBB1F+191]
(No symbol) [0x00000000]

at sun.reflect.NativeConstructorAccessorImpl.newInstance0(Native Method)
at sun.reflect.NativeConstructorAccessorImpl.newInstance(Unknown Source)
at sun.reflect.DelegatingConstructorAccessorImpl.newInstance(Unknown Source)
at java.lang.reflect.Constructor.newInstance(Unknown Source)
at org.openqa.selenium.remote.W3CHandshakeResponse.lambda$new$0(W3CHandshakeResponse.java:57)
at org.openqa.selenium.remote.W3CHandshakeResponse.lambda$getResponseFunction$2(W3CHandshakeResponse.java:104)
at org.openqa.selenium.remote.ProtocolHandshake.lambda$createSession$0(ProtocolHandshake.java:122)
at java.util.stream.ReferencePipeline$3$1.accept(Unknown Source)
at java.util.Spliterators$ArraySpliterator.tryAdvance(Unknown Source)
at java.util.stream.ReferencePipeline.forEachWithCancel(Unknown Source)
at java.util.stream.AbstractPipeline.copyIntoWithCancel(Unknown Source)
at java.util.stream.AbstractPipeline.copyInto(Unknown Source)
at java.util.stream.AbstractPipeline.wrapAndCopyInto(Unknown Source)
at java.util.stream.FindOps$FindOp.evaluateSequential(Unknown Source)
at java.util.stream.AbstractPipeline.evaluate(Unknown Source)
at java.util.stream.ReferencePipeline.findFirst(Unknown Source)
at org.openqa.selenium.remote.ProtocolHandshake.createSession(ProtocolHandshake.java:125)
at org.openqa.selenium.remote.ProtocolHandshake.createSession(ProtocolHandshake.java:73)
at org.openqa.selenium.remote.HttpCommandExecutor.execute(HttpCommandExecutor.java:136)
at org.openqa.selenium.remote.service.DriverCommandExecutor.execute(DriverCommandExecutor.java:83)
at org.openqa.selenium.remote.RemoteWebDriver.execute(RemoteWebDriver.java:548)
at org.openqa.selenium.remote.RemoteWebDriver.startSession(RemoteWebDriver.java:212)
at org.openqa.selenium.remote.RemoteWebDriver.<init>(RemoteWebDriver.java:130)
at org.openqa.selenium.chrome.ChromeDriver.<init>(ChromeDriver.java:181)
at org.openqa.selenium.chrome.ChromeDriver.<init>(ChromeDriver.java:168)
at org.openqa.selenium.chrome.ChromeDriver.<init>(ChromeDriver.java:123)
at utils.AppUtils.lanchApp(AppUtils.java:19)
at sun.reflect.NativeMethodAccessorImpl.invoke0(Native Method)
at sun.reflect.NativeMethodAccessorImpl.invoke(Unknown Source)
at sun.reflect.DelegatingMethodAccessorImpl.invoke(Unknown Source)
at java.lang.reflect.Method.invoke(Unknown Source)
at org.testng.internal.MethodInvocationHelper.invokeMethod(MethodInvocationHelper.java:133)
at org.testng.internal.MethodInvocationHelper.invokeMethodConsideringTimeout(MethodInvocationHelper.java:62)
at org.testng.internal.ConfigInvoker.invokeConfigurationMethod(ConfigInvoker.java:385)
at org.testng.internal.ConfigInvoker.invokeConfigurations(ConfigInvoker.java:321)
at org.testng.SuiteRunner.privateRun(SuiteRunner.java:317)
at org.testng.SuiteRunner.run(SuiteRunner.java:276)
at org.testng.SuiteRunnerWorker.runSuite(SuiteRunnerWorker.java:53)
at org.testng.SuiteRunnerWorker.run(SuiteRunnerWorker.java:96)
at org.testng.TestNG.runSuitesSequentially(TestNG.java:1212)
at org.testng.TestNG.runSuitesLocally(TestNG.java:1134)
at org.testng.TestNG.runSuites(TestNG.java:1063)
at org.testng.TestNG.run(TestNG.java:1031)
at org.testng.remote.AbstractRemoteTestNG.run(AbstractRemoteTestNG.java:115)
at org.testng.remote.RemoteTestNG.initAndRun(RemoteTestNG.java:251)
at org.testng.remote.RemoteTestNG.main(RemoteTestNG.java:77)
]]>
    </error>
  </testcase> <!-- lanchApp -->
  <system-out/>
  <testcase name="checkAdminLogin" time="0.000" classname="Orangehrm_Frame.testcases.AdminLoginTestwithinValidinputs">
    <error type="org.testng.TestNGException" message="
Parameter &#039;uid&#039; is required by @Test on method checkAdminLogin but has not been marked @Optional or defined
in C:\Users\Vkris\AppData\Local\Temp\testng-eclipse--1303741194\testng-customsuite.xml">
      <![CDATA[org.testng.TestNGException: 
Parameter 'uid' is required by @Test on method checkAdminLogin but has not been marked @Optional or defined
in C:\Users\Vkris\AppData\Local\Temp\testng-eclipse--1303741194\testng-customsuite.xml
at org.testng.internal.Parameters.createParams(Parameters.java:270)
at org.testng.internal.Parameters.createParametersForMethod(Parameters.java:358)
at org.testng.internal.Parameters.createParameters(Parameters.java:700)
at org.testng.internal.Parameters.handleParameters(Parameters.java:884)
at org.testng.internal.Parameters.handleParameters(Parameters.java:740)
at org.testng.internal.ParameterHandler.handleParameters(ParameterHandler.java:59)
at org.testng.internal.ParameterHandler.createParameters(ParameterHandler.java:38)
at org.testng.internal.TestInvoker$MethodInvocationAgent.invoke(TestInvoker.java:791)
at org.testng.internal.TestInvoker.invokeTestMethods(TestInvoker.java:146)
at org.testng.internal.TestMethodWorker.invokeTestMethods(TestMethodWorker.java:146)
at org.testng.internal.TestMethodWorker.run(TestMethodWorker.java:128)
at java.util.ArrayList.forEach(Unknown Source)
at org.testng.TestRunner.privateRun(TestRunner.java:794)
at org.testng.TestRunner.run(TestRunner.java:596)
at org.testng.SuiteRunner.runTest(SuiteRunner.java:377)
at org.testng.SuiteRunner.runSequentially(SuiteRunner.java:371)
at org.testng.SuiteRunner.privateRun(SuiteRunner.java:332)
at org.testng.SuiteRunner.run(SuiteRunner.java:276)
at org.testng.SuiteRunnerWorker.runSuite(SuiteRunnerWorker.java:53)
at org.testng.SuiteRunnerWorker.run(SuiteRunnerWorker.java:96)
at org.testng.TestNG.runSuitesSequentially(TestNG.java:1212)
at org.testng.TestNG.runSuitesLocally(TestNG.java:1134)
at org.testng.TestNG.runSuites(TestNG.java:1063)
at org.testng.TestNG.run(TestNG.java:1031)
at org.testng.remote.AbstractRemoteTestNG.run(AbstractRemoteTestNG.java:115)
at org.testng.remote.RemoteTestNG.initAndRun(RemoteTestNG.java:251)
at org.testng.remote.RemoteTestNG.main(RemoteTestNG.java:77)
]]>
    </error>
  </testcase> <!-- checkAdminLogin -->
  <system-out/>
</testsuite> <!-- Orangehrm_Frame.testcases.AdminLoginTestwithinValidinputs -->
